{"name": "test_search_functionality", "status": "broken", "statusDetails": {"message": "selenium.common.exceptions.NoSuchElementException: Message: no such element: Unable to locate element: {\"method\":\"css selector\",\"selector\":\"[name=\"q\"]\"}\n  (Session info: chrome=134.0.6998.178); For documentation on this error, please visit: https://www.selenium.dev/documentation/webdriver/troubleshooting/errors#no-such-element-exception\nStacktrace:\n\tGetHandleVerifier [0x00007FF697DE4C25+3179557]\n\t(No symbol) [0x00007FF697A488A0]\n\t(No symbol) [0x00007FF6978D91CA]\n\t(No symbol) [0x00007FF69792FA67]\n\t(No symbol) [0x00007FF69792FC9C]\n\t(No symbol) [0x00007FF697983627]\n\t(No symbol) [0x00007FF697957C6F]\n\t(No symbol) [0x00007FF6979802F3]\n\t(No symbol) [0x00007FF697957A03]\n\t(No symbol) [0x00007FF6979206D0]\n\t(No symbol) [0x00007FF697921983]\n\tGetHandleVerifier [0x00007FF697E467CD+3579853]\n\tGetHandleVerifier [0x00007FF697E5D1D2+3672530]\n\tGetHandleVerifier [0x00007FF697E52153+3627347]\n\tGetHandleVerifier [0x00007FF697BB092A+868650]\n\t(No symbol) [0x00007FF697A52FFF]\n\t(No symbol) [0x00007FF697A4F4A4]\n\t(No symbol) [0x00007FF697A4F646]\n\t(No symbol) [0x00007FF697A3EAA9]\n\tBaseThreadInitThunk [0x00007FF860A4259D+29]\n\tRtlUserThreadStart [0x00007FF86210AF38+40]", "trace": "browser = <selenium.webdriver.chrome.webdriver.WebDriver (session=\"9ad199ace63e9b6f92f029bd83dccebe\")>\n\n    def test_search_functionality(browser):\n        \"\"\"Проверка функциональности поиска\"\"\"\n        browser.get(BASE_URL)\n>       search_box = browser.find_element(By.NAME, \"q\")\n\ntest_ui.py:21: \n_ _ _ _ _ _ _ _ _ _ _ _ _ _ _ _ _ _ _ _ _ _ _ _ _ _ _ _ _ _ _ _ _ _ _ _ _ _ _ _ _ _ _ _ _ _ _ _ _ _ _ _ _ _ _ _ _ _ _ _ _ _ _ _ _ _ _ _ _ _ _ _ _ _ _ _ _ _ _ _ _ _ _ _ _ _ _ _ _ _ _ _ _ _ _ _ _ _ _ _ \n..\\..\\AppData\\Local\\Programs\\Python\\Python313\\Lib\\site-packages\\selenium\\webdriver\\remote\\webdriver.py:888: in find_element\n    return self.execute(Command.FIND_ELEMENT, {\"using\": by, \"value\": value})[\"value\"]\n..\\..\\AppData\\Local\\Programs\\Python\\Python313\\Lib\\site-packages\\selenium\\webdriver\\remote\\webdriver.py:429: in execute\n    self.error_handler.check_response(response)\n_ _ _ _ _ _ _ _ _ _ _ _ _ _ _ _ _ _ _ _ _ _ _ _ _ _ _ _ _ _ _ _ _ _ _ _ _ _ _ _ _ _ _ _ _ _ _ _ _ _ _ _ _ _ _ _ _ _ _ _ _ _ _ _ _ _ _ _ _ _ _ _ _ _ _ _ _ _ _ _ _ _ _ _ _ _ _ _ _ _ _ _ _ _ _ _ _ _ _ _ \n\nself = <selenium.webdriver.remote.errorhandler.ErrorHandler object at 0x000001F5DB13C690>\nresponse = {'status': 404, 'value': '{\"value\":{\"error\":\"no such element\",\"message\":\"no such element: Unable to locate element: {\\...07FF697A3EAA9]\\\\n\\\\tBaseThreadInitThunk [0x00007FF860A4259D+29]\\\\n\\\\tRtlUserThreadStart [0x00007FF86210AF38+40]\\\\n\"}}'}\n\n    def check_response(self, response: Dict[str, Any]) -> None:\n        \"\"\"Checks that a JSON response from the WebDriver does not have an\n        error.\n    \n        :Args:\n         - response - The JSON response from the WebDriver server as a dictionary\n           object.\n    \n        :Raises: If the response contains an error message.\n        \"\"\"\n        status = response.get(\"status\", None)\n        if not status or status == ErrorCode.SUCCESS:\n            return\n        value = None\n        message = response.get(\"message\", \"\")\n        screen: str = response.get(\"screen\", \"\")\n        stacktrace = None\n        if isinstance(status, int):\n            value_json = response.get(\"value\", None)\n            if value_json and isinstance(value_json, str):\n                import json\n    \n                try:\n                    value = json.loads(value_json)\n                    if len(value) == 1:\n                        value = value[\"value\"]\n                    status = value.get(\"error\", None)\n                    if not status:\n                        status = value.get(\"status\", ErrorCode.UNKNOWN_ERROR)\n                        message = value.get(\"value\") or value.get(\"message\")\n                        if not isinstance(message, str):\n                            value = message\n                            message = message.get(\"message\")\n                    else:\n                        message = value.get(\"message\", None)\n                except ValueError:\n                    pass\n    \n        exception_class: Type[WebDriverException]\n        e = ErrorCode()\n        error_codes = [item for item in dir(e) if not item.startswith(\"__\")]\n        for error_code in error_codes:\n            error_info = getattr(ErrorCode, error_code)\n            if isinstance(error_info, list) and status in error_info:\n                exception_class = getattr(ExceptionMapping, error_code, WebDriverException)\n                break\n        else:\n            exception_class = WebDriverException\n    \n        if not value:\n            value = response[\"value\"]\n        if isinstance(value, str):\n            raise exception_class(value)\n        if message == \"\" and \"message\" in value:\n            message = value[\"message\"]\n    \n        screen = None  # type: ignore[assignment]\n        if \"screen\" in value:\n            screen = value[\"screen\"]\n    \n        stacktrace = None\n        st_value = value.get(\"stackTrace\") or value.get(\"stacktrace\")\n        if st_value:\n            if isinstance(st_value, str):\n                stacktrace = st_value.split(\"\\n\")\n            else:\n                stacktrace = []\n                try:\n                    for frame in st_value:\n                        line = frame.get(\"lineNumber\", \"\")\n                        file = frame.get(\"fileName\", \"<anonymous>\")\n                        if line:\n                            file = f\"{file}:{line}\"\n                        meth = frame.get(\"methodName\", \"<anonymous>\")\n                        if \"className\" in frame:\n                            meth = f\"{frame['className']}.{meth}\"\n                        msg = \"    at %s (%s)\"\n                        msg = msg % (meth, file)\n                        stacktrace.append(msg)\n                except TypeError:\n                    pass\n        if exception_class == UnexpectedAlertPresentException:\n            alert_text = None\n            if \"data\" in value:\n                alert_text = value[\"data\"].get(\"text\")\n            elif \"alert\" in value:\n                alert_text = value[\"alert\"].get(\"text\")\n            raise exception_class(message, screen, stacktrace, alert_text)  # type: ignore[call-arg]  # mypy is not smart enough here\n>       raise exception_class(message, screen, stacktrace)\nE       selenium.common.exceptions.NoSuchElementException: Message: no such element: Unable to locate element: {\"method\":\"css selector\",\"selector\":\"[name=\"q\"]\"}\nE         (Session info: chrome=134.0.6998.178); For documentation on this error, please visit: https://www.selenium.dev/documentation/webdriver/troubleshooting/errors#no-such-element-exception\nE       Stacktrace:\nE       \tGetHandleVerifier [0x00007FF697DE4C25+3179557]\nE       \t(No symbol) [0x00007FF697A488A0]\nE       \t(No symbol) [0x00007FF6978D91CA]\nE       \t(No symbol) [0x00007FF69792FA67]\nE       \t(No symbol) [0x00007FF69792FC9C]\nE       \t(No symbol) [0x00007FF697983627]\nE       \t(No symbol) [0x00007FF697957C6F]\nE       \t(No symbol) [0x00007FF6979802F3]\nE       \t(No symbol) [0x00007FF697957A03]\nE       \t(No symbol) [0x00007FF6979206D0]\nE       \t(No symbol) [0x00007FF697921983]\nE       \tGetHandleVerifier [0x00007FF697E467CD+3579853]\nE       \tGetHandleVerifier [0x00007FF697E5D1D2+3672530]\nE       \tGetHandleVerifier [0x00007FF697E52153+3627347]\nE       \tGetHandleVerifier [0x00007FF697BB092A+868650]\nE       \t(No symbol) [0x00007FF697A52FFF]\nE       \t(No symbol) [0x00007FF697A4F4A4]\nE       \t(No symbol) [0x00007FF697A4F646]\nE       \t(No symbol) [0x00007FF697A3EAA9]\nE       \tBaseThreadInitThunk [0x00007FF860A4259D+29]\nE       \tRtlUserThreadStart [0x00007FF86210AF38+40]\n\n..\\..\\AppData\\Local\\Programs\\Python\\Python313\\Lib\\site-packages\\selenium\\webdriver\\remote\\errorhandler.py:232: NoSuchElementException"}, "description": "Проверка функциональности поиска", "start": 1743338115186, "stop": 1743338139335, "uuid": "babd2ffc-fe0f-42d9-abfd-7bf87db23e81", "historyId": "5279f8a748be85479e6a0e6756e7ba3c", "testCaseId": "5279f8a748be85479e6a0e6756e7ba3c", "fullName": "test_ui#test_search_functionality", "labels": [{"name": "suite", "value": "test_ui"}, {"name": "host", "value": "LAPTOP-4179AEIU"}, {"name": "thread", "value": "30628-MainThread"}, {"name": "framework", "value": "pytest"}, {"name": "language", "value": "cpython3"}, {"name": "package", "value": "test_ui"}]}